hook.js:608  In HTML, <button> cannot be a descendant of <button>.
This will cause a hydration error.

  ...
    <View style={[...]}>
      <div dir={null} ref={function forwardRef} className="css-view-g...">
        <View data={[...]} renderItem={function renderProp} keyExtractor={function} ListHeaderComponent={<Fragment>} ...>
          <div onTouchStart={function} onTouchEnd={function} onScroll={function handleScroll} onTouchMove={function} ...>
            <View onLayout={function} collapsable={false} ref={function} style={[...]}>
              <div dir={null} ref={function forwardRef} className="css-view-g..." style={{...}}>
                <VirtualizedListCellContextProvider>
                <CellRenderer CellRendererComponent={undefined} ItemSeparatorComponent={undefined} ...>
                  <VirtualizedListCellContextProvider cellKey="13">
                    <View style={null} onFocusCapture={function onCellFocusCapture} onLayout={function}>
                      <div dir={null} ref={function forwardRef} className="css-view-g...">
                        <TouchableOpacity testID="file-email-13" accessible={true} accessibilityRole="button" ...>
                          <View testID="file-email-13" accessible={true} accessibilityRole="button" ...>
>                           <button
>                             onKeyDown={function onKeyDown}
>                             onClick={function onClick}
>                             onContextMenu={function onContextMenu}
>                             dir={null}
>                             ref={function forwardRef}
>                             aria-label="Email from training@company.com, subject: Webinar Recording: Product Trainin..."
>                             role="button"
>                             className="css-view-g5y9jx r-transitionProperty-1i6wzkk r-userSelect-lrvibr r-cursor-1lo..."
>                             style={{backgroundColor:"rgba(28,28...",transitionDuration:"0s"}}
>                             data-testid="file-email-13"
>                             type="button"
>                           >
                              <View>
                              <View>
                              ...
                                <TouchableOpacity testID="delete-13" accessible={true} accessibilityRole="button" ...>
                                  <View testID="delete-13" accessible={true} accessibilityRole="button" ...>
>                                   <button
>                                     onKeyDown={function onKeyDown}
>                                     onClick={function onClick}
>                                     onContextMenu={function onContextMenu}
>                                     dir={null}
>                                     ref={function forwardRef}
>                                     aria-label="Move to trash"
>                                     role="button"
>                                     className="css-view-g5y9jx r-transitionProperty-1i6wzkk r-userSelect-lrvibr r-cu..."
>                                     style={{backgroundColor:"rgba(255,6...",transitionDuration:"0s"}}
>                                     data-testid="delete-13"
>                                     type="button"
>                                   >
                ...

overrideMethod @ hook.js:608
registerError @ C:\Users\madkongo\Desktop\Projects\AthenXMail\node_modules\@expo\metro-runtime\src\error-overlay\LogBox.web.ts:134
console.error @ C:\Users\madkongo\Desktop\Projects\AthenXMail\node_modules\@expo\metro-runtime\src\error-overlay\LogBox.web.ts:59
validateDOMNesting @ C:\Users\madkongo\Desktop\Projects\AthenXMail\node_modules\react-dom\cjs\react-dom-client.development.js:2613
completeWork @ C:\Users\madkongo\Desktop\Projects\AthenXMail\node_modules\react-dom\cjs\react-dom-client.development.js:11299
runWithFiberInDEV @ C:\Users\madkongo\Desktop\Projects\AthenXMail\node_modules\react-dom\cjs\react-dom-client.development.js:1519
completeUnitOfWork @ C:\Users\madkongo\Desktop\Projects\AthenXMail\node_modules\react-dom\cjs\react-dom-client.development.js:15268
performUnitOfWork @ C:\Users\madkongo\Desktop\Projects\AthenXMail\node_modules\react-dom\cjs\react-dom-client.development.js:15149
workLoopSync @ C:\Users\madkongo\Desktop\Projects\AthenXMail\node_modules\react-dom\cjs\react-dom-client.development.js:14956
renderRootSync @ C:\Users\madkongo\Desktop\Projects\AthenXMail\node_modules\react-dom\cjs\react-dom-client.development.js:14936
performWorkOnRoot @ C:\Users\madkongo\Desktop\Projects\AthenXMail\node_modules\react-dom\cjs\react-dom-client.development.js:14419
performSyncWorkOnRoot @ C:\Users\madkongo\Desktop\Projects\AthenXMail\node_modules\react-dom\cjs\react-dom-client.development.js:16231
flushSyncWorkAcrossRoots_impl @ C:\Users\madkongo\Desktop\Projects\AthenXMail\node_modules\react-dom\cjs\react-dom-client.development.js:16079
processRootScheduleInMicrotask @ C:\Users\madkongo\Desktop\Projects\AthenXMail\node_modules\react-dom\cjs\react-dom-client.development.js:16116
(anonymous) @ C:\Users\madkongo\Desktop\Projects\AthenXMail\node_modules\react-dom\cjs\react-dom-client.development.js:16250
<button>
exports.createElement @ C:\Users\madkongo\Desktop\Projects\AthenXMail\node_modules\react\cjs\react.development.js:1033
createElement @ C:\Users\madkongo\Desktop\Projects\AthenXMail\node_modules\react-native-web\dist\exports\createElement\index.js:24
View @ C:\Users\madkongo\Desktop\Projects\AthenXMail\node_modules\react-native-web\dist\exports\View\index.js:111
react-stack-bottom-frame @ C:\Users\madkongo\Desktop\Projects\AthenXMail\node_modules\react-dom\cjs\react-dom-client.development.js:23863
renderWithHooks @ C:\Users\madkongo\Desktop\Projects\AthenXMail\node_modules\react-dom\cjs\react-dom-client.development.js:5529
updateForwardRef @ C:\Users\madkongo\Desktop\Projects\AthenXMail\node_modules\react-dom\cjs\react-dom-client.development.js:8645
beginWork @ C:\Users\madkongo\Desktop\Projects\AthenXMail\node_modules\react-dom\cjs\react-dom-client.development.js:10861
runWithFiberInDEV @ C:\Users\madkongo\Desktop\Projects\AthenXMail\node_modules\react-dom\cjs\react-dom-client.development.js:1519
performUnitOfWork @ C:\Users\madkongo\Desktop\Projects\AthenXMail\node_modules\react-dom\cjs\react-dom-client.development.js:15132
workLoopSync @ C:\Users\madkongo\Desktop\Projects\AthenXMail\node_modules\react-dom\cjs\react-dom-client.development.js:14956
renderRootSync @ C:\Users\madkongo\Desktop\Projects\AthenXMail\node_modules\react-dom\cjs\react-dom-client.development.js:14936
performWorkOnRoot @ C:\Users\madkongo\Desktop\Projects\AthenXMail\node_modules\react-dom\cjs\react-dom-client.development.js:14419
performSyncWorkOnRoot @ C:\Users\madkongo\Desktop\Projects\AthenXMail\node_modules\react-dom\cjs\react-dom-client.development.js:16231
flushSyncWorkAcrossRoots_impl @ C:\Users\madkongo\Desktop\Projects\AthenXMail\node_modules\react-dom\cjs\react-dom-client.development.js:16079
processRootScheduleInMicrotask @ C:\Users\madkongo\Desktop\Projects\AthenXMail\node_modules\react-dom\cjs\react-dom-client.development.js:16116
(anonymous) @ C:\Users\madkongo\Desktop\Projects\AthenXMail\node_modules\react-dom\cjs\react-dom-client.development.js:16250
<View>
exports.createElement @ C:\Users\madkongo\Desktop\Projects\AthenXMail\node_modules\react\cjs\react.development.js:1033
TouchableOpacity @ C:\Users\madkongo\Desktop\Projects\AthenXMail\node_modules\react-native-web\dist\exports\TouchableOpacity\index.js:90
react-stack-bottom-frame @ C:\Users\madkongo\Desktop\Projects\AthenXMail\node_modules\react-dom\cjs\react-dom-client.development.js:23863
renderWithHooks @ C:\Users\madkongo\Desktop\Projects\AthenXMail\node_modules\react-dom\cjs\react-dom-client.development.js:5529
updateForwardRef @ C:\Users\madkongo\Desktop\Projects\AthenXMail\node_modules\react-dom\cjs\react-dom-client.development.js:8645
beginWork @ C:\Users\madkongo\Desktop\Projects\AthenXMail\node_modules\react-dom\cjs\react-dom-client.development.js:10861
runWithFiberInDEV @ C:\Users\madkongo\Desktop\Projects\AthenXMail\node_modules\react-dom\cjs\react-dom-client.development.js:1522
performUnitOfWork @ C:\Users\madkongo\Desktop\Projects\AthenXMail\node_modules\react-dom\cjs\react-dom-client.development.js:15132
workLoopSync @ C:\Users\madkongo\Desktop\Projects\AthenXMail\node_modules\react-dom\cjs\react-dom-client.development.js:14956
renderRootSync @ C:\Users\madkongo\Desktop\Projects\AthenXMail\node_modules\react-dom\cjs\react-dom-client.development.js:14936
performWorkOnRoot @ C:\Users\madkongo\Desktop\Projects\AthenXMail\node_modules\react-dom\cjs\react-dom-client.development.js:14419
performSyncWorkOnRoot @ C:\Users\madkongo\Desktop\Projects\AthenXMail\node_modules\react-dom\cjs\react-dom-client.development.js:16231
flushSyncWorkAcrossRoots_impl @ C:\Users\madkongo\Desktop\Projects\AthenXMail\node_modules\react-dom\cjs\react-dom-client.development.js:16079
processRootScheduleInMicrotask @ C:\Users\madkongo\Desktop\Projects\AthenXMail\node_modules\react-dom\cjs\react-dom-client.development.js:16116
(anonymous) @ C:\Users\madkongo\Desktop\Projects\AthenXMail\node_modules\react-dom\cjs\react-dom-client.development.js:16250
hook.js:608  <button> cannot contain a nested <button>.
See this log for the ancestor stack trace.
overrideMethod @ hook.js:608
registerError @ C:\Users\madkongo\Desktop\Projects\AthenXMail\node_modules\@expo\metro-runtime\src\error-overlay\LogBox.web.ts:134
console.error @ C:\Users\madkongo\Desktop\Projects\AthenXMail\node_modules\@expo\metro-runtime\src\error-overlay\LogBox.web.ts:59
(anonymous) @ C:\Users\madkongo\Desktop\Projects\AthenXMail\node_modules\react-dom\cjs\react-dom-client.development.js:2626
runWithFiberInDEV @ C:\Users\madkongo\Desktop\Projects\AthenXMail\node_modules\react-dom\cjs\react-dom-client.development.js:1519
validateDOMNesting @ C:\Users\madkongo\Desktop\Projects\AthenXMail\node_modules\react-dom\cjs\react-dom-client.development.js:2625
completeWork @ C:\Users\madkongo\Desktop\Projects\AthenXMail\node_modules\react-dom\cjs\react-dom-client.development.js:11299
runWithFiberInDEV @ C:\Users\madkongo\Desktop\Projects\AthenXMail\node_modules\react-dom\cjs\react-dom-client.development.js:1519
completeUnitOfWork @ C:\Users\madkongo\Desktop\Projects\AthenXMail\node_modules\react-dom\cjs\react-dom-client.development.js:15268
performUnitOfWork @ C:\Users\madkongo\Desktop\Projects\AthenXMail\node_modules\react-dom\cjs\react-dom-client.development.js:15149
workLoopSync @ C:\Users\madkongo\Desktop\Projects\AthenXMail\node_modules\react-dom\cjs\react-dom-client.development.js:14956
renderRootSync @ C:\Users\madkongo\Desktop\Projects\AthenXMail\node_modules\react-dom\cjs\react-dom-client.development.js:14936
performWorkOnRoot @ C:\Users\madkongo\Desktop\Projects\AthenXMail\node_modules\react-dom\cjs\react-dom-client.development.js:14419
performSyncWorkOnRoot @ C:\Users\madkongo\Desktop\Projects\AthenXMail\node_modules\react-dom\cjs\react-dom-client.development.js:16231
flushSyncWorkAcrossRoots_impl @ C:\Users\madkongo\Desktop\Projects\AthenXMail\node_modules\react-dom\cjs\react-dom-client.development.js:16079
processRootScheduleInMicrotask @ C:\Users\madkongo\Desktop\Projects\AthenXMail\node_modules\react-dom\cjs\react-dom-client.development.js:16116
(anonymous) @ C:\Users\madkongo\Desktop\Projects\AthenXMail\node_modules\react-dom\cjs\react-dom-client.development.js:16250
<button>
exports.createElement @ C:\Users\madkongo\Desktop\Projects\AthenXMail\node_modules\react\cjs\react.development.js:1033
createElement @ C:\Users\madkongo\Desktop\Projects\AthenXMail\node_modules\react-native-web\dist\exports\createElement\index.js:24
View @ C:\Users\madkongo\Desktop\Projects\AthenXMail\node_modules\react-native-web\dist\exports\View\index.js:111
react-stack-bottom-frame @ C:\Users\madkongo\Desktop\Projects\AthenXMail\node_modules\react-dom\cjs\react-dom-client.development.js:23863
renderWithHooks @ C:\Users\madkongo\Desktop\Projects\AthenXMail\node_modules\react-dom\cjs\react-dom-client.development.js:5529
updateForwardRef @ C:\Users\madkongo\Desktop\Projects\AthenXMail\node_modules\react-dom\cjs\react-dom-client.development.js:8645
beginWork @ C:\Users\madkongo\Desktop\Projects\AthenXMail\node_modules\react-dom\cjs\react-dom-client.development.js:10861
runWithFiberInDEV @ C:\Users\madkongo\Desktop\Projects\AthenXMail\node_modules\react-dom\cjs\react-dom-client.development.js:1519
performUnitOfWork @ C:\Users\madkongo\Desktop\Projects\AthenXMail\node_modules\react-dom\cjs\react-dom-client.development.js:15132
workLoopSync @ C:\Users\madkongo\Desktop\Projects\AthenXMail\node_modules\react-dom\cjs\react-dom-client.development.js:14956
renderRootSync @ C:\Users\madkongo\Desktop\Projects\AthenXMail\node_modules\react-dom\cjs\react-dom-client.development.js:14936
performWorkOnRoot @ C:\Users\madkongo\Desktop\Projects\AthenXMail\node_modules\react-dom\cjs\react-dom-client.development.js:14419
performSyncWorkOnRoot @ C:\Users\madkongo\Desktop\Projects\AthenXMail\node_modules\react-dom\cjs\react-dom-client.development.js:16231
flushSyncWorkAcrossRoots_impl @ C:\Users\madkongo\Desktop\Projects\AthenXMail\node_modules\react-dom\cjs\react-dom-client.development.js:16079
processRootScheduleInMicrotask @ C:\Users\madkongo\Desktop\Projects\AthenXMail\node_modules\react-dom\cjs\react-dom-client.development.js:16116
(anonymous) @ C:\Users\madkongo\Desktop\Projects\AthenXMail\node_modules\react-dom\cjs\react-dom-client.development.js:16250
<View>
exports.createElement @ C:\Users\madkongo\Desktop\Projects\AthenXMail\node_modules\react\cjs\react.development.js:1033
TouchableOpacity @ C:\Users\madkongo\Desktop\Projects\AthenXMail\node_modules\react-native-web\dist\exports\TouchableOpacity\index.js:90
react-stack-bottom-frame @ C:\Users\madkongo\Desktop\Projects\AthenXMail\node_modules\react-dom\cjs\react-dom-client.development.js:23863
renderWithHooks @ C:\Users\madkongo\Desktop\Projects\AthenXMail\node_modules\react-dom\cjs\react-dom-client.development.js:5529
updateForwardRef @ C:\Users\madkongo\Desktop\Projects\AthenXMail\node_modules\react-dom\cjs\react-dom-client.development.js:8645
beginWork @ C:\Users\madkongo\Desktop\Projects\AthenXMail\node_modules\react-dom\cjs\react-dom-client.development.js:10861
runWithFiberInDEV @ C:\Users\madkongo\Desktop\Projects\AthenXMail\node_modules\react-dom\cjs\react-dom-client.development.js:1522
performUnitOfWork @ C:\Users\madkongo\Desktop\Projects\AthenXMail\node_modules\react-dom\cjs\react-dom-client.development.js:15132
workLoopSync @ C:\Users\madkongo\Desktop\Projects\AthenXMail\node_modules\react-dom\cjs\react-dom-client.development.js:14956
renderRootSync @ C:\Users\madkongo\Desktop\Projects\AthenXMail\node_modules\react-dom\cjs\react-dom-client.development.js:14936
performWorkOnRoot @ C:\Users\madkongo\Desktop\Projects\AthenXMail\node_modules\react-dom\cjs\react-dom-client.development.js:14419
performSyncWorkOnRoot @ C:\Users\madkongo\Desktop\Projects\AthenXMail\node_modules\react-dom\cjs\react-dom-client.development.js:16231
flushSyncWorkAcrossRoots_impl @ C:\Users\madkongo\Desktop\Projects\AthenXMail\node_modules\react-dom\cjs\react-dom-client.development.js:16079
processRootScheduleInMicrotask @ C:\Users\madkongo\Desktop\Projects\AthenXMail\node_modules\react-dom\cjs\react-dom-client.development.js:16116
(anonymous) @ C:\Users\madkongo\Desktop\Projects\AthenXMail\node_modules\react-dom\cjs\react-dom-client.development.js:16250
